<?xml version="1.0" encoding="UTF-8"?>
<testsuite name="SorterTest" tests="1" skipped="0" failures="0" errors="0" timestamp="2022-01-21T07:37:14" hostname="DESKTOP-41PPU6M" time="0.023">
  <properties/>
  <testcase name="SorterTest()" classname="SorterTest" time="0.023"/>
  <system-out><![CDATA[]]></system-out>
  <system-err><![CDATA[]]></system-err>
</testsuite>
